[06-Jun-2020 11:00:19 UTC] PHP Warning:  include(error2.php): failed to open stream: No such file or directory in C:\Users\Tomek\Documents\_YT\_projekty\008 PHP7 Start\github\004.php on line 36
[06-Jun-2020 11:00:19 UTC] PHP Warning:  include(): Failed opening 'error2.php' for inclusion (include_path='.;c:\php74\includes') in C:\Users\Tomek\Documents\_YT\_projekty\008 PHP7 Start\github\004.php on line 36
[06-Jun-2020 11:00:46 UTC] PHP Warning:  require(error2.php): failed to open stream: No such file or directory in C:\Users\Tomek\Documents\_YT\_projekty\008 PHP7 Start\github\004.php on line 38
[06-Jun-2020 11:00:46 UTC] PHP Fatal error:  require(): Failed opening required 'error2.php' (include_path='.;c:\php74\includes') in C:\Users\Tomek\Documents\_YT\_projekty\008 PHP7 Start\github\004.php on line 38
[06-Jun-2020 11:01:34 UTC] PHP Warning:  include(browse.php): failed to open stream: No such file or directory in C:\Users\Tomek\Documents\_YT\_projekty\008 PHP7 Start\github\004.php on line 40
[06-Jun-2020 11:01:34 UTC] PHP Warning:  include(): Failed opening 'browse.php' for inclusion (include_path='.;c:\php74\includes') in C:\Users\Tomek\Documents\_YT\_projekty\008 PHP7 Start\github\004.php on line 40
[06-Jun-2020 11:01:34 UTC] PHP Warning:  include(browse.php): failed to open stream: No such file or directory in C:\Users\Tomek\Documents\_YT\_projekty\008 PHP7 Start\github\004.php on line 40
[06-Jun-2020 11:01:34 UTC] PHP Warning:  include(): Failed opening 'browse.php' for inclusion (include_path='.;c:\php74\includes') in C:\Users\Tomek\Documents\_YT\_projekty\008 PHP7 Start\github\004.php on line 40
[06-Jun-2020 11:02:36 UTC] PHP Warning:  include(lib/browse.php): failed to open stream: No such file or directory in C:\Users\Tomek\Documents\_YT\_projekty\008 PHP7 Start\github\004.php on line 40
[06-Jun-2020 11:02:36 UTC] PHP Warning:  include(): Failed opening 'lib/browse.php' for inclusion (include_path='.;c:\php74\includes') in C:\Users\Tomek\Documents\_YT\_projekty\008 PHP7 Start\github\004.php on line 40
[06-Jun-2020 11:02:36 UTC] PHP Warning:  include(lib/browse.php): failed to open stream: No such file or directory in C:\Users\Tomek\Documents\_YT\_projekty\008 PHP7 Start\github\004.php on line 40
[06-Jun-2020 11:02:36 UTC] PHP Warning:  include(): Failed opening 'lib/browse.php' for inclusion (include_path='.;c:\php74\includes') in C:\Users\Tomek\Documents\_YT\_projekty\008 PHP7 Start\github\004.php on line 40
[06-Jun-2020 11:03:23 UTC] PHP Fatal error:  Cannot redeclare hr() (previously declared in C:\Users\Tomek\Documents\_YT\_projekty\008 PHP7 Start\github\lib\browse.php:3) in C:\Users\Tomek\Documents\_YT\_projekty\008 PHP7 Start\github\lib\browse.php on line 3
[06-Jun-2020 11:03:49 UTC] PHP Fatal error:  Cannot redeclare hr() (previously declared in C:\Users\Tomek\Documents\_YT\_projekty\008 PHP7 Start\github\lib\browse.php:3) in C:\Users\Tomek\Documents\_YT\_projekty\008 PHP7 Start\github\lib\browse.php on line 3
[06-Jun-2020 11:04:03 UTC] PHP Fatal error:  Cannot redeclare hr() (previously declared in C:\Users\Tomek\Documents\_YT\_projekty\008 PHP7 Start\github\lib\browse.php:3) in C:\Users\Tomek\Documents\_YT\_projekty\008 PHP7 Start\github\lib\browse.php on line 3
[06-Jun-2020 11:04:18 UTC] PHP Fatal error:  Cannot redeclare hr() (previously declared in C:\Users\Tomek\Documents\_YT\_projekty\008 PHP7 Start\github\lib\browse.php:3) in C:\Users\Tomek\Documents\_YT\_projekty\008 PHP7 Start\github\lib\browse.php on line 3
[06-Jun-2020 11:04:33 UTC] PHP Fatal error:  Cannot redeclare hr() (previously declared in C:\Users\Tomek\Documents\_YT\_projekty\008 PHP7 Start\github\lib\browse.php:3) in C:\Users\Tomek\Documents\_YT\_projekty\008 PHP7 Start\github\lib\browse.php on line 3
[06-Jun-2020 11:04:51 UTC] PHP Fatal error:  Cannot redeclare hr() (previously declared in C:\Users\Tomek\Documents\_YT\_projekty\008 PHP7 Start\github\lib\browse.php:3) in C:\Users\Tomek\Documents\_YT\_projekty\008 PHP7 Start\github\lib\browse.php on line 3
[06-Jun-2020 11:05:08 UTC] PHP Fatal error:  Cannot redeclare hr() (previously declared in C:\Users\Tomek\Documents\_YT\_projekty\008 PHP7 Start\github\lib\browse.php:3) in C:\Users\Tomek\Documents\_YT\_projekty\008 PHP7 Start\github\lib\browse.php on line 3
[07-Jun-2020 07:34:51 UTC] PHP Fatal error:  Uncaught Error: Call to undefined function get_array_keys() in C:\Users\Tomek\Documents\_YT\_projekty\008 PHP7 Start\github\lib\browse.php:11
Stack trace:
#0 C:\Users\Tomek\Documents\_YT\_projekty\008 PHP7 Start\github\005.php(10): browse(Object(stdClass))
#1 {main}
  thrown in C:\Users\Tomek\Documents\_YT\_projekty\008 PHP7 Start\github\lib\browse.php on line 11
[07-Jun-2020 08:18:09 UTC] PHP Fatal error:  Class EClass contains 1 abstract method and must therefore be declared abstract or implement the remaining methods (iFace::f1) in C:\Users\Tomek\Documents\_YT\_projekty\008 PHP7 Start\github\005.php on line 116
[07-Jun-2020 08:21:56 UTC] PHP Fatal error:  Uncaught Error: Cannot access private const BClass::D in C:\Users\Tomek\Documents\_YT\_projekty\008 PHP7 Start\github\005.php:73
Stack trace:
#0 {main}
  thrown in C:\Users\Tomek\Documents\_YT\_projekty\008 PHP7 Start\github\005.php on line 73
[07-Jun-2020 08:22:19 UTC] PHP Fatal error:  Uncaught Error: Undefined class constant 'D' in C:\Users\Tomek\Documents\_YT\_projekty\008 PHP7 Start\github\005.php:95
Stack trace:
#0 {main}
  thrown in C:\Users\Tomek\Documents\_YT\_projekty\008 PHP7 Start\github\005.php on line 95
[07-Jun-2020 08:41:36 UTC] PHP Notice:  Undefined property: FClass::$y in C:\Users\Tomek\Documents\_YT\_projekty\008 PHP7 Start\github\005.php on line 142
[07-Jun-2020 09:34:09 UTC] PHP Fatal error:  Class Example contains 1 abstract method and must therefore be declared abstract or implement the remaining methods (iFaceNext::f3) in C:\Users\Tomek\Documents\_YT\_projekty\008 PHP7 Start\github\005.php on line 125
[07-Jun-2020 18:48:06 UTC] PHP Fatal error:  Class EClass contains 1 abstract method and must therefore be declared abstract or implement the remaining methods (iFaceSecond::f2) in C:\Users\Tomek\Documents\_YT\_projekty\008 PHP7 Start\github\005.php on line 117
[08-Jun-2020 08:09:21 UTC] PHP Notice:  Undefined variable: baseDir in C:\Users\Tomek\Documents\_YT\_projekty\008 PHP7 Start\github\ExampleClass.php on line 8
[08-Jun-2020 08:09:21 UTC] PHP Notice:  Undefined variable: baseDir in C:\Users\Tomek\Documents\_YT\_projekty\008 PHP7 Start\github\cls\ExampleClass2.php on line 8
[08-Jun-2020 08:10:13 UTC] PHP Warning:  require_once(C:\Users\Tomek\Documents\_YT\_projekty\008 PHP7 Start\github/cls/SomeClass.php): failed to open stream: No such file or directory in C:\Users\Tomek\Documents\_YT\_projekty\008 PHP7 Start\github\006.php on line 27
[08-Jun-2020 08:10:13 UTC] PHP Fatal error:  require_once(): Failed opening required 'C:\Users\Tomek\Documents\_YT\_projekty\008 PHP7 Start\github/cls/SomeClass.php' (include_path='.;c:\php74\includes') in C:\Users\Tomek\Documents\_YT\_projekty\008 PHP7 Start\github\006.php on line 27
[09-Jun-2020 16:47:46 UTC] PHP Fatal error:  Uncaught Error: Class 'ExampleClass' not found in C:\Users\Tomek\Documents\_YT\_projekty\008 PHP7 Start\github\006.php:23
Stack trace:
#0 {main}
  thrown in C:\Users\Tomek\Documents\_YT\_projekty\008 PHP7 Start\github\006.php on line 23
[09-Jun-2020 17:05:03 UTC] PHP Fatal error:  Uncaught Error: Class 'Tajemny\ExampleClass' not found in C:\Users\Tomek\Documents\_YT\_projekty\008 PHP7 Start\github\006.php:23
Stack trace:
#0 {main}
  thrown in C:\Users\Tomek\Documents\_YT\_projekty\008 PHP7 Start\github\006.php on line 23
[09-Jun-2020 17:05:31 UTC] PHP Fatal error:  Uncaught Error: Class 'Tajemny\Tajemny\ExampleClass' not found in C:\Users\Tomek\Documents\_YT\_projekty\008 PHP7 Start\github\006.php:23
Stack trace:
#0 {main}
  thrown in C:\Users\Tomek\Documents\_YT\_projekty\008 PHP7 Start\github\006.php on line 23
[09-Jun-2020 17:05:54 UTC] PHP Warning:  require_once(C:\Users\Tomek\Documents\_YT\_projekty\008 PHP7 Start\github/cls/Tajemny\ExampleClass2.php): failed to open stream: No such file or directory in C:\Users\Tomek\Documents\_YT\_projekty\008 PHP7 Start\github\006.php on line 30
[09-Jun-2020 17:05:54 UTC] PHP Fatal error:  require_once(): Failed opening required 'C:\Users\Tomek\Documents\_YT\_projekty\008 PHP7 Start\github/cls/Tajemny\ExampleClass2.php' (include_path='.;c:\php74\includes') in C:\Users\Tomek\Documents\_YT\_projekty\008 PHP7 Start\github\006.php on line 30
[09-Jun-2020 17:07:46 UTC] PHP Parse error:  syntax error, unexpected '$object' (T_VARIABLE), expecting identifier (T_STRING) in C:\Users\Tomek\Documents\_YT\_projekty\008 PHP7 Start\github\006.php on line 84
[09-Jun-2020 17:11:46 UTC] PHP Fatal error:  Uncaught Error: Undefined constant 'Tajemny\Przekaz' in C:\Users\Tomek\Documents\_YT\_projekty\008 PHP7 Start\github\cls\ExampleClass2.php:2
Stack trace:
#0 C:\Users\Tomek\Documents\_YT\_projekty\008 PHP7 Start\github\006.php(30): require_once()
#1 [internal function]: Tajemny\{closure}('ExampleClass2')
#2 C:\Users\Tomek\Documents\_YT\_projekty\008 PHP7 Start\github\006.php(33): spl_autoload_call('ExampleClass2')
#3 {main}
  thrown in C:\Users\Tomek\Documents\_YT\_projekty\008 PHP7 Start\github\cls\ExampleClass2.php on line 2
[09-Jun-2020 17:12:00 UTC] PHP Warning:  require_once(C:\Users\Tomek\Documents\_YT\_projekty\008 PHP7 Start\github/cls/Tajemny\Przekaz\ExampleClass2.php): failed to open stream: No such file or directory in C:\Users\Tomek\Documents\_YT\_projekty\008 PHP7 Start\github\006.php on line 30
[09-Jun-2020 17:12:00 UTC] PHP Fatal error:  require_once(): Failed opening required 'C:\Users\Tomek\Documents\_YT\_projekty\008 PHP7 Start\github/cls/Tajemny\Przekaz\ExampleClass2.php' (include_path='.;c:\php74\includes') in C:\Users\Tomek\Documents\_YT\_projekty\008 PHP7 Start\github\006.php on line 30
[09-Jun-2020 17:12:43 UTC] PHP Warning:  require_once(C:\Users\Tomek\Documents\_YT\_projekty\008 PHP7 Start\github/cls/Tajemny\Przekaz\ExampleClass2.php): failed to open stream: No such file or directory in C:\Users\Tomek\Documents\_YT\_projekty\008 PHP7 Start\github\006.php on line 30
[09-Jun-2020 17:12:43 UTC] PHP Fatal error:  require_once(): Failed opening required 'C:\Users\Tomek\Documents\_YT\_projekty\008 PHP7 Start\github/cls/Tajemny\Przekaz\ExampleClass2.php' (include_path='.;c:\php74\includes') in C:\Users\Tomek\Documents\_YT\_projekty\008 PHP7 Start\github\006.php on line 30
[09-Jun-2020 17:13:08 UTC] PHP Warning:  require_once(C:\Users\Tomek\Documents\_YT\_projekty\008 PHP7 Start\github/cls/Tajemny\Tajemny\Przekaz\ExampleClass2.php): failed to open stream: No such file or directory in C:\Users\Tomek\Documents\_YT\_projekty\008 PHP7 Start\github\006.php on line 30
[09-Jun-2020 17:13:08 UTC] PHP Fatal error:  require_once(): Failed opening required 'C:\Users\Tomek\Documents\_YT\_projekty\008 PHP7 Start\github/cls/Tajemny\Tajemny\Przekaz\ExampleClass2.php' (include_path='.;c:\php74\includes') in C:\Users\Tomek\Documents\_YT\_projekty\008 PHP7 Start\github\006.php on line 30
[09-Jun-2020 17:13:13 UTC] PHP Warning:  require_once(C:\Users\Tomek\Documents\_YT\_projekty\008 PHP7 Start\github/cls/Tajemny\ExampleClass2.php): failed to open stream: No such file or directory in C:\Users\Tomek\Documents\_YT\_projekty\008 PHP7 Start\github\006.php on line 30
[09-Jun-2020 17:13:13 UTC] PHP Fatal error:  require_once(): Failed opening required 'C:\Users\Tomek\Documents\_YT\_projekty\008 PHP7 Start\github/cls/Tajemny\ExampleClass2.php' (include_path='.;c:\php74\includes') in C:\Users\Tomek\Documents\_YT\_projekty\008 PHP7 Start\github\006.php on line 30
[09-Jun-2020 17:14:25 UTC] PHP Warning:  require_once(C:\Users\Tomek\Documents\_YT\_projekty\008 PHP7 Start\github/cls/Tajemny\ExampleClass2.php): failed to open stream: No such file or directory in C:\Users\Tomek\Documents\_YT\_projekty\008 PHP7 Start\github\006.php on line 30
[09-Jun-2020 17:14:25 UTC] PHP Fatal error:  require_once(): Failed opening required 'C:\Users\Tomek\Documents\_YT\_projekty\008 PHP7 Start\github/cls/Tajemny\ExampleClass2.php' (include_path='.;c:\php74\includes') in C:\Users\Tomek\Documents\_YT\_projekty\008 PHP7 Start\github\006.php on line 30
[09-Jun-2020 17:15:05 UTC] PHP Warning:  require_once(C:\Users\Tomek\Documents\_YT\_projekty\008 PHP7 Start\github/cls/Tajemny\ExampleClass2.php): failed to open stream: No such file or directory in C:\Users\Tomek\Documents\_YT\_projekty\008 PHP7 Start\github\006.php on line 30
[09-Jun-2020 17:15:05 UTC] PHP Fatal error:  require_once(): Failed opening required 'C:\Users\Tomek\Documents\_YT\_projekty\008 PHP7 Start\github/cls/Tajemny\ExampleClass2.php' (include_path='.;c:\php74\includes') in C:\Users\Tomek\Documents\_YT\_projekty\008 PHP7 Start\github\006.php on line 30
[09-Jun-2020 17:15:37 UTC] PHP Warning:  require_once(C:\Users\Tomek\Documents\_YT\_projekty\008 PHP7 Start\github/cls/Tajemny\ExampleClass2.php): failed to open stream: No such file or directory in C:\Users\Tomek\Documents\_YT\_projekty\008 PHP7 Start\github\006.php on line 30
[09-Jun-2020 17:15:37 UTC] PHP Fatal error:  require_once(): Failed opening required 'C:\Users\Tomek\Documents\_YT\_projekty\008 PHP7 Start\github/cls/Tajemny\ExampleClass2.php' (include_path='.;c:\php74\includes') in C:\Users\Tomek\Documents\_YT\_projekty\008 PHP7 Start\github\006.php on line 30
[09-Jun-2020 17:16:37 UTC] PHP Warning:  Use of undefined constant KOT - assumed 'KOT' (this will throw an Error in a future version of PHP) in C:\Users\Tomek\Documents\_YT\_projekty\008 PHP7 Start\github\006.php on line 87
[09-Jun-2020 17:22:39 UTC] PHP Fatal error:  Uncaught Error: Undefined constant 'Domowe\Zoo\KOT' in C:\Users\Tomek\Documents\_YT\_projekty\008 PHP7 Start\github\006.php:89
Stack trace:
#0 {main}
  thrown in C:\Users\Tomek\Documents\_YT\_projekty\008 PHP7 Start\github\006.php on line 89
[09-Jun-2020 17:23:03 UTC] PHP Fatal error:  Uncaught Error: Undefined constant 'Domowe\Zoo\KOT' in C:\Users\Tomek\Documents\_YT\_projekty\008 PHP7 Start\github\006.php:89
Stack trace:
#0 {main}
  thrown in C:\Users\Tomek\Documents\_YT\_projekty\008 PHP7 Start\github\006.php on line 89
[09-Jun-2020 17:23:07 UTC] PHP Fatal error:  Uncaught Error: Undefined constant 'Domowe\Zoo\KOT' in C:\Users\Tomek\Documents\_YT\_projekty\008 PHP7 Start\github\006.php:89
Stack trace:
#0 {main}
  thrown in C:\Users\Tomek\Documents\_YT\_projekty\008 PHP7 Start\github\006.php on line 89
[09-Jun-2020 18:24:57 UTC] PHP Warning:  require_once(C:\Users\Tomek\Documents\_YT\_projekty\008 PHP7 Start\github/cls/Domowe\SomeClass.php): failed to open stream: No such file or directory in C:\Users\Tomek\Documents\_YT\_projekty\008 PHP7 Start\github\006.php on line 33
[09-Jun-2020 18:24:57 UTC] PHP Fatal error:  require_once(): Failed opening required 'C:\Users\Tomek\Documents\_YT\_projekty\008 PHP7 Start\github/cls/Domowe\SomeClass.php' (include_path='.;c:\php74\includes') in C:\Users\Tomek\Documents\_YT\_projekty\008 PHP7 Start\github\006.php on line 33
[09-Jun-2020 18:54:56 UTC] PHP Fatal error:  Namespace declarations cannot be nested in C:\Users\Tomek\Documents\_YT\_projekty\008 PHP7 Start\github\006.php on line 92
